<?xml version="1.0" encoding="UTF-8"?>
<!-- Generated by org.testng.reporters.JUnitXMLReporter -->
<testsuite ignored="0" hostname="LSTKTR233619" failures="1" tests="1" name="Reggister Account" time="11.414" errors="0" timestamp="2022-04-06T20:16:56 CDT">
  <testcase classname="tests.RegisterTest" name="RegisterAccount" time="9.47">
    <failure type="java.lang.AssertionError" message="expected [true] but found [false]">
      <![CDATA[java.lang.AssertionError: expected [true] but found [false]
at tests.RegisterTest.RegisterAccount(RegisterTest.java:35)
at java.base/java.util.ArrayList.forEach(ArrayList.java:1511)
... Removed 31 stack frames]]>
    </failure>
  </testcase> <!-- RegisterAccount -->
</testsuite> <!-- Reggister Account -->
